> Task :app:preBuild UP-TO-DATE
> Task :app:preDebugBuild UP-TO-DATE
> Task :app:mergeDebugNativeDebugMetadata NO-SOURCE
> Task :app:checkKotlinGradlePluginConfigurationErrors SKIPPED
> Task :app:generateDebugBuildConfig
> Task :app:processDebugNavigationResources
> Task :app:generateDebugResValues
> Task :app:checkDebugAarMetadata
> Task :app:compileDebugNavigationResources
> Task :app:mapDebugSourceSetPaths
> Task :app:generateDebugResources
> Task :app:packageDebugResources
> Task :app:createDebugCompatibleScreenManifests
> Task :app:extractDeepLinksDebug
> Task :app:mergeDebugResources
> Task :app:parseDebugLocalResources
> Task :app:processDebugMainManifest
> Task :app:processDebugManifest
> Task :app:mergeDebugShaders
> Task :app:compileDebugShaders NO-SOURCE
> Task :app:generateDebugAssets UP-TO-DATE
> Task :app:javaPreCompileDebug
> Task :app:mergeDebugAssets
> Task :app:compressDebugAssets
> Task :app:processDebugManifestForPackage
> Task :app:desugarDebugFileDependencies
> Task :app:mergeDebugJniLibFolders
> Task :app:checkDebugDuplicateClasses
> Task :app:mergeDebugNativeLibs
> Task :app:validateSigningDebug
> Task :app:writeDebugAppMetadata
> Task :app:mergeLibDexDebug
> Task :app:writeDebugSigningConfigVersions
> Task :app:preReleaseBuild UP-TO-DATE

> Task :app:stripDebugDebugSymbols
Unable to strip the following libraries, packaging them as they are: libandroidx.graphics.path.so. Run with --info option to learn more.

> Task :app:mergeReleaseJniLibFolders
> Task :app:buildKotlinToolingMetadata
> Task :app:mergeReleaseNativeLibs
> Task :app:generateReleaseBuildConfig

> Task :app:stripReleaseDebugSymbols
Unable to strip the following libraries, packaging them as they are: libandroidx.graphics.path.so. Run with --info option to learn more.

> Task :app:processReleaseNavigationResources
> Task :app:checkReleaseAarMetadata
> Task :app:checkReleaseDuplicateClasses
> Task :app:compileReleaseNavigationResources
> Task :app:generateReleaseResValues
> Task :app:mapReleaseSourceSetPaths
> Task :app:generateReleaseResources
> Task :app:extractReleaseNativeSymbolTables
> Task :app:mergeReleaseNativeDebugMetadata NO-SOURCE
> Task :app:packageReleaseResources
> Task :app:createReleaseCompatibleScreenManifests
> Task :app:extractDeepLinksRelease
> Task :app:parseReleaseLocalResources
> Task :app:processReleaseMainManifest
> Task :app:processReleaseManifest
> Task :app:desugarReleaseFileDependencies
> Task :app:mergeReleaseStartupProfile UP-TO-DATE
> Task :app:javaPreCompileRelease
> Task :app:mergeReleaseResources
> Task :app:mergeReleaseShaders
> Task :app:compileReleaseShaders NO-SOURCE
> Task :app:generateReleaseAssets UP-TO-DATE
> Task :app:mergeReleaseAssets
> Task :app:compressReleaseAssets
> Task :app:mergeReleaseArtProfile
> Task :app:extractReleaseVersionControlInfo
> Task :app:extractProguardFiles
> Task :app:processDebugResources
> Task :app:collectReleaseDependencies
> Task :app:sdkReleaseDependencyData
> Task :app:writeReleaseAppMetadata
> Task :app:writeReleaseSigningConfigVersions
> Task :app:preDebugAndroidTestBuild SKIPPED
> Task :app:generateDebugAndroidTestResValues
> Task :app:preDebugUnitTestBuild UP-TO-DATE
> Task :app:preReleaseUnitTestBuild UP-TO-DATE
> Task :app:javaPreCompileDebugUnitTest
> Task :app:javaPreCompileReleaseUnitTest
> Task :app:processReleaseManifestForPackage
> Task :app:processReleaseResources
> Task :app:optimizeReleaseResources
> Task :app:kspReleaseKotlin
> Task :app:kspDebugKotlin
> Task :app:mergeExtDexRelease

> Task :app:compileDebugKotlin
w: file:///Users/surfiniaburger/Desktop/advanced/app/src/main/java/com/surfiniaburger/alora/MainActivity.kt:53:22 This annotation is currently applied to the value parameter only, but in the future it will also be applied to field.
- To opt in to applying to both value parameter and field, add '-Xannotation-default-target=param-property' to your compiler arguments.
- To keep applying to the value parameter only, use the '@param:' annotation target.

See https://youtrack.jetbrains.com/issue/KT-73255 for more details.
w: file:///Users/surfiniaburger/Desktop/advanced/app/src/main/java/com/surfiniaburger/alora/agent/AgentScreen.kt:96:53 'val Icons.Filled.Send: ImageVector' is deprecated. Use the AutoMirrored version at Icons.AutoMirrored.Filled.Send.
w: file:///Users/surfiniaburger/Desktop/advanced/app/src/main/java/com/surfiniaburger/alora/agent/AgentScreen.kt:118:26 'val LocalLifecycleOwner: ProvidableCompositionLocal<LifecycleOwner>' is deprecated. Moved to lifecycle-runtime-compose library in androidx.lifecycle.compose package.
w: file:///Users/surfiniaburger/Desktop/advanced/app/src/main/java/com/surfiniaburger/alora/agent/AgentScreen.kt:143:51 The corresponding parameter in the supertype 'OnMap3DViewReadyCallback' is named 'googleMap3D'. This may cause problems when calling this function with named arguments.
w: file:///Users/surfiniaburger/Desktop/advanced/app/src/main/java/com/surfiniaburger/alora/utils/Units.kt:96:54 This annotation is currently applied to the value parameter only, but in the future it will also be applied to field.
- To opt in to applying to both value parameter and field, add '-Xannotation-default-target=param-property' to your compiler arguments.
- To keep applying to the value parameter only, use the '@param:' annotation target.

See https://youtrack.jetbrains.com/issue/KT-73255 for more details.

> Task :app:compileReleaseKotlin
w: file:///Users/surfiniaburger/Desktop/advanced/app/src/main/java/com/surfiniaburger/alora/MainActivity.kt:53:22 This annotation is currently applied to the value parameter only, but in the future it will also be applied to field.
- To opt in to applying to both value parameter and field, add '-Xannotation-default-target=param-property' to your compiler arguments.
- To keep applying to the value parameter only, use the '@param:' annotation target.

See https://youtrack.jetbrains.com/issue/KT-73255 for more details.
w: file:///Users/surfiniaburger/Desktop/advanced/app/src/main/java/com/surfiniaburger/alora/agent/AgentScreen.kt:96:53 'val Icons.Filled.Send: ImageVector' is deprecated. Use the AutoMirrored version at Icons.AutoMirrored.Filled.Send.
w: file:///Users/surfiniaburger/Desktop/advanced/app/src/main/java/com/surfiniaburger/alora/agent/AgentScreen.kt:118:26 'val LocalLifecycleOwner: ProvidableCompositionLocal<LifecycleOwner>' is deprecated. Moved to lifecycle-runtime-compose library in androidx.lifecycle.compose package.
w: file:///Users/surfiniaburger/Desktop/advanced/app/src/main/java/com/surfiniaburger/alora/agent/AgentScreen.kt:143:51 The corresponding parameter in the supertype 'OnMap3DViewReadyCallback' is named 'googleMap3D'. This may cause problems when calling this function with named arguments.
w: file:///Users/surfiniaburger/Desktop/advanced/app/src/main/java/com/surfiniaburger/alora/utils/Units.kt:96:54 This annotation is currently applied to the value parameter only, but in the future it will also be applied to field.
- To opt in to applying to both value parameter and field, add '-Xannotation-default-target=param-property' to your compiler arguments.
- To keep applying to the value parameter only, use the '@param:' annotation target.

See https://youtrack.jetbrains.com/issue/KT-73255 for more details.

> Task :app:compileDebugJavaWithJavac
> Task :app:hiltAggregateDepsDebug
> Task :app:mergeExtDexDebug
> Task :app:compileReleaseJavaWithJavac

> Task :app:hiltJavaCompileDebug

> Task :app:processDebugJavaRes
> Task :app:hiltAggregateDepsRelease
> Task :app:bundleDebugClassesToCompileJar
> Task :app:transformDebugClassesWithAsm
> Task :app:mergeDebugJavaResource

> Task :app:hiltJavaCompileRelease

> Task :app:dexBuilderDebug
> Task :app:mergeProjectDexDebug
> Task :app:transformReleaseClassesWithAsm
> Task :app:generateReleaseLintVitalReportModel
> Task :app:dexBuilderRelease
> Task :app:mergeReleaseGlobalSynthetics
> Task :app:processReleaseJavaRes
> Task :app:generateDebugAndroidTestLintModel
> Task :app:generateDebugLintReportModel
> Task :app:generateDebugUnitTestLintModel
> Task :app:packageDebug
> Task :app:createDebugApkListingFileRedirect
> Task :app:assembleDebug
> Task :app:kspDebugUnitTestKotlin NO-SOURCE
> Task :app:compileDebugUnitTestKotlin NO-SOURCE
> Task :app:compileDebugUnitTestJavaWithJavac NO-SOURCE
> Task :app:bundleDebugClassesToRuntimeJar
> Task :app:hiltAggregateDepsDebugUnitTest
> Task :app:hiltJavaCompileDebugUnitTest NO-SOURCE
> Task :app:processDebugUnitTestJavaRes NO-SOURCE
> Task :app:bundleReleaseClassesToRuntimeJar
> Task :app:bundleReleaseClassesToCompileJar
> Task :app:kspReleaseUnitTestKotlin NO-SOURCE
> Task :app:compileReleaseUnitTestKotlin NO-SOURCE
> Task :app:transformDebugUnitTestClassesWithAsm
> Task :app:compileReleaseUnitTestJavaWithJavac NO-SOURCE
> Task :app:testDebugUnitTest NO-SOURCE
> Task :app:hiltAggregateDepsReleaseUnitTest
> Task :app:hiltJavaCompileReleaseUnitTest NO-SOURCE
> Task :app:processReleaseUnitTestJavaRes NO-SOURCE
> Task :app:transformReleaseUnitTestClassesWithAsm
> Task :app:mergeReleaseJavaResource
> Task :app:testReleaseUnitTest NO-SOURCE
> Task :app:test UP-TO-DATE
> Task :app:mergeDexRelease
> Task :app:compileReleaseArtProfile
> Task :app:lintAnalyzeDebugAndroidTest
> Task :app:lintAnalyzeDebugUnitTest
> Task :app:lintVitalAnalyzeRelease
> Task :app:lintVitalReportRelease SKIPPED
> Task :app:lintVitalRelease SKIPPED
> Task :app:packageRelease
> Task :app:createReleaseApkListingFileRedirect
> Task :app:assembleRelease
> Task :app:assemble
> Task :app:lintAnalyzeDebug

> Task :app:lintReportDebug
Wrote HTML report to file:///Users/surfiniaburger/Desktop/advanced/app/build/reports/lint-results-debug.html
Wrote SARIF report to file:///Users/surfiniaburger/Desktop/advanced/app/build/reports/lint-results-debug.sarif

> Task :app:lintDebug

> Task :app:copyDebugLintReports
Copying lint SARIF report to /Users/surfiniaburger/Desktop/advanced/app/build/reports/lint-results.sarif

> Task :app:lint
> Task :app:check
> Task :app:build

[Incubating] Problems report is available at: file:///Users/surfiniaburger/Desktop/advanced/build/reports/problems/problems-report.html

Deprecated Gradle features were used in this build, making it incompatible with Gradle 10.

You can use '--warning-mode all' to show the individual deprecation warnings and determine if they come from your own scripts or plugins.

For more on this, please refer to https://docs.gradle.org/9.1.0/userguide/command_line_interface.html#sec:command_line_warnings in the Gradle documentation.

BUILD SUCCESSFUL in 47s
115 actionable tasks: 114 executed, 1 up-to-date
Consider enabling configuration cache to speed up this build: https://docs.gradle.org/9.1.0/userguide/configuration_cache_enabling.html
